{"timestamp": "2025-08-25T11:29:26.250945Z", "level": "INFO", "logger": "ddl_binder.index-warm", "run_id": "index-warm", "paper_id": "unknown", "message": "Single corpus file loaded successfully", "stage": "corpus_loading", "event": "single_file_loaded"}
{"timestamp": "2025-08-25T11:29:26.258300Z", "level": "INFO", "logger": "ddl_binder.index-warm", "run_id": "index-warm", "paper_id": "unknown", "message": "Starting semantic index build", "stage": "semantic_indexing", "event": "index_build_start"}
{"timestamp": "2025-08-25T11:29:26.258359Z", "level": "INFO", "logger": "ddl_binder.index-warm", "run_id": "index-warm", "paper_id": "unknown", "message": "Progress update for semantic_encoding", "stage": "semantic_encoding", "event": "heartbeat", "parquet_files_loaded": 1, "progress_pct": 0.2}
{"timestamp": "2025-08-25T11:29:58.255330Z", "level": "INFO", "logger": "ddl_binder.index-warm", "run_id": "index-warm", "paper_id": "unknown", "message": "Progress update for semantic_encoding", "stage": "semantic_encoding", "event": "heartbeat", "parquet_files_loaded": 1, "progress_pct": 2.3}
{"timestamp": "2025-08-25T11:30:30.241912Z", "level": "INFO", "logger": "ddl_binder.index-warm", "run_id": "index-warm", "paper_id": "unknown", "message": "Progress update for semantic_encoding", "stage": "semantic_encoding", "event": "heartbeat", "parquet_files_loaded": 1, "progress_pct": 4.4}
{"timestamp": "2025-08-25T11:31:02.379123Z", "level": "INFO", "logger": "ddl_binder.index-warm", "run_id": "index-warm", "paper_id": "unknown", "message": "Progress update for semantic_encoding", "stage": "semantic_encoding", "event": "heartbeat", "parquet_files_loaded": 1, "progress_pct": 6.5}
{"timestamp": "2025-08-25T11:31:34.543870Z", "level": "INFO", "logger": "ddl_binder.index-warm", "run_id": "index-warm", "paper_id": "unknown", "message": "Progress update for semantic_encoding", "stage": "semantic_encoding", "event": "heartbeat", "parquet_files_loaded": 1, "progress_pct": 8.6}
{"timestamp": "2025-08-25T11:32:06.749226Z", "level": "INFO", "logger": "ddl_binder.index-warm", "run_id": "index-warm", "paper_id": "unknown", "message": "Progress update for semantic_encoding", "stage": "semantic_encoding", "event": "heartbeat", "parquet_files_loaded": 1, "progress_pct": 10.7}
{"timestamp": "2025-08-25T11:32:39.029062Z", "level": "INFO", "logger": "ddl_binder.index-warm", "run_id": "index-warm", "paper_id": "unknown", "message": "Progress update for semantic_encoding", "stage": "semantic_encoding", "event": "heartbeat", "parquet_files_loaded": 1, "progress_pct": 12.8}
{"timestamp": "2025-08-25T11:33:11.298706Z", "level": "INFO", "logger": "ddl_binder.index-warm", "run_id": "index-warm", "paper_id": "unknown", "message": "Progress update for semantic_encoding", "stage": "semantic_encoding", "event": "heartbeat", "parquet_files_loaded": 1, "progress_pct": 14.9}
{"timestamp": "2025-08-25T11:33:43.535825Z", "level": "INFO", "logger": "ddl_binder.index-warm", "run_id": "index-warm", "paper_id": "unknown", "message": "Progress update for semantic_encoding", "stage": "semantic_encoding", "event": "heartbeat", "parquet_files_loaded": 1, "progress_pct": 17.0}
{"timestamp": "2025-08-25T11:34:15.835965Z", "level": "INFO", "logger": "ddl_binder.index-warm", "run_id": "index-warm", "paper_id": "unknown", "message": "Progress update for semantic_encoding", "stage": "semantic_encoding", "event": "heartbeat", "parquet_files_loaded": 1, "progress_pct": 19.2}
{"timestamp": "2025-08-25T11:34:48.115214Z", "level": "INFO", "logger": "ddl_binder.index-warm", "run_id": "index-warm", "paper_id": "unknown", "message": "Progress update for semantic_encoding", "stage": "semantic_encoding", "event": "heartbeat", "parquet_files_loaded": 1, "progress_pct": 21.3}
{"timestamp": "2025-08-25T11:35:20.363107Z", "level": "INFO", "logger": "ddl_binder.index-warm", "run_id": "index-warm", "paper_id": "unknown", "message": "Progress update for semantic_encoding", "stage": "semantic_encoding", "event": "heartbeat", "parquet_files_loaded": 1, "progress_pct": 23.4}
{"timestamp": "2025-08-25T11:35:52.611871Z", "level": "INFO", "logger": "ddl_binder.index-warm", "run_id": "index-warm", "paper_id": "unknown", "message": "Progress update for semantic_encoding", "stage": "semantic_encoding", "event": "heartbeat", "parquet_files_loaded": 1, "progress_pct": 25.5}
{"timestamp": "2025-08-25T11:36:24.833725Z", "level": "INFO", "logger": "ddl_binder.index-warm", "run_id": "index-warm", "paper_id": "unknown", "message": "Progress update for semantic_encoding", "stage": "semantic_encoding", "event": "heartbeat", "parquet_files_loaded": 1, "progress_pct": 27.6}
{"timestamp": "2025-08-25T11:36:57.094720Z", "level": "INFO", "logger": "ddl_binder.index-warm", "run_id": "index-warm", "paper_id": "unknown", "message": "Progress update for semantic_encoding", "stage": "semantic_encoding", "event": "heartbeat", "parquet_files_loaded": 1, "progress_pct": 29.7}
{"timestamp": "2025-08-25T11:37:29.330384Z", "level": "INFO", "logger": "ddl_binder.index-warm", "run_id": "index-warm", "paper_id": "unknown", "message": "Progress update for semantic_encoding", "stage": "semantic_encoding", "event": "heartbeat", "parquet_files_loaded": 1, "progress_pct": 31.8}
{"timestamp": "2025-08-25T11:38:01.572836Z", "level": "INFO", "logger": "ddl_binder.index-warm", "run_id": "index-warm", "paper_id": "unknown", "message": "Progress update for semantic_encoding", "stage": "semantic_encoding", "event": "heartbeat", "parquet_files_loaded": 1, "progress_pct": 33.9}
{"timestamp": "2025-08-25T11:38:33.770825Z", "level": "INFO", "logger": "ddl_binder.index-warm", "run_id": "index-warm", "paper_id": "unknown", "message": "Progress update for semantic_encoding", "stage": "semantic_encoding", "event": "heartbeat", "parquet_files_loaded": 1, "progress_pct": 36.0}
{"timestamp": "2025-08-25T11:39:05.974635Z", "level": "INFO", "logger": "ddl_binder.index-warm", "run_id": "index-warm", "paper_id": "unknown", "message": "Progress update for semantic_encoding", "stage": "semantic_encoding", "event": "heartbeat", "parquet_files_loaded": 1, "progress_pct": 38.1}
{"timestamp": "2025-08-25T11:48:39.411640Z", "level": "INFO", "logger": "ddl_binder.index-warm", "run_id": "index-warm", "paper_id": "unknown", "message": "Single corpus file loaded successfully", "stage": "corpus_loading", "event": "single_file_loaded"}
{"timestamp": "2025-08-25T11:48:39.419044Z", "level": "INFO", "logger": "ddl_binder.index-warm", "run_id": "index-warm", "paper_id": "unknown", "message": "Starting semantic index build", "stage": "semantic_indexing", "event": "index_build_start"}
{"timestamp": "2025-08-25T11:48:39.419086Z", "level": "INFO", "logger": "ddl_binder.index-warm", "run_id": "index-warm", "paper_id": "unknown", "message": "Progress update for semantic_encoding", "stage": "semantic_encoding", "event": "heartbeat", "parquet_files_loaded": 1, "progress_pct": 0.2}
{"timestamp": "2025-08-25T11:49:11.375340Z", "level": "INFO", "logger": "ddl_binder.index-warm", "run_id": "index-warm", "paper_id": "unknown", "message": "Progress update for semantic_encoding", "stage": "semantic_encoding", "event": "heartbeat", "parquet_files_loaded": 1, "progress_pct": 2.3}
{"timestamp": "2025-08-25T11:49:43.369711Z", "level": "INFO", "logger": "ddl_binder.index-warm", "run_id": "index-warm", "paper_id": "unknown", "message": "Progress update for semantic_encoding", "stage": "semantic_encoding", "event": "heartbeat", "parquet_files_loaded": 1, "progress_pct": 4.4}
{"timestamp": "2025-08-25T11:50:15.382876Z", "level": "INFO", "logger": "ddl_binder.index-warm", "run_id": "index-warm", "paper_id": "unknown", "message": "Progress update for semantic_encoding", "stage": "semantic_encoding", "event": "heartbeat", "parquet_files_loaded": 1, "progress_pct": 6.5}
{"timestamp": "2025-08-25T11:50:47.431117Z", "level": "INFO", "logger": "ddl_binder.index-warm", "run_id": "index-warm", "paper_id": "unknown", "message": "Progress update for semantic_encoding", "stage": "semantic_encoding", "event": "heartbeat", "parquet_files_loaded": 1, "progress_pct": 8.6}
{"timestamp": "2025-08-25T11:51:19.556245Z", "level": "INFO", "logger": "ddl_binder.index-warm", "run_id": "index-warm", "paper_id": "unknown", "message": "Progress update for semantic_encoding", "stage": "semantic_encoding", "event": "heartbeat", "parquet_files_loaded": 1, "progress_pct": 10.7}
{"timestamp": "2025-08-25T11:51:51.686198Z", "level": "INFO", "logger": "ddl_binder.index-warm", "run_id": "index-warm", "paper_id": "unknown", "message": "Progress update for semantic_encoding", "stage": "semantic_encoding", "event": "heartbeat", "parquet_files_loaded": 1, "progress_pct": 12.8}
{"timestamp": "2025-08-25T11:52:23.829180Z", "level": "INFO", "logger": "ddl_binder.index-warm", "run_id": "index-warm", "paper_id": "unknown", "message": "Progress update for semantic_encoding", "stage": "semantic_encoding", "event": "heartbeat", "parquet_files_loaded": 1, "progress_pct": 14.9}
{"timestamp": "2025-08-25T11:52:55.940606Z", "level": "INFO", "logger": "ddl_binder.index-warm", "run_id": "index-warm", "paper_id": "unknown", "message": "Progress update for semantic_encoding", "stage": "semantic_encoding", "event": "heartbeat", "parquet_files_loaded": 1, "progress_pct": 17.0}
{"timestamp": "2025-08-25T11:53:28.093256Z", "level": "INFO", "logger": "ddl_binder.index-warm", "run_id": "index-warm", "paper_id": "unknown", "message": "Progress update for semantic_encoding", "stage": "semantic_encoding", "event": "heartbeat", "parquet_files_loaded": 1, "progress_pct": 19.2}
{"timestamp": "2025-08-25T11:54:00.243218Z", "level": "INFO", "logger": "ddl_binder.index-warm", "run_id": "index-warm", "paper_id": "unknown", "message": "Progress update for semantic_encoding", "stage": "semantic_encoding", "event": "heartbeat", "parquet_files_loaded": 1, "progress_pct": 21.3}
{"timestamp": "2025-08-25T11:54:32.346151Z", "level": "INFO", "logger": "ddl_binder.index-warm", "run_id": "index-warm", "paper_id": "unknown", "message": "Progress update for semantic_encoding", "stage": "semantic_encoding", "event": "heartbeat", "parquet_files_loaded": 1, "progress_pct": 23.4}
{"timestamp": "2025-08-25T11:55:04.496668Z", "level": "INFO", "logger": "ddl_binder.index-warm", "run_id": "index-warm", "paper_id": "unknown", "message": "Progress update for semantic_encoding", "stage": "semantic_encoding", "event": "heartbeat", "parquet_files_loaded": 1, "progress_pct": 25.5}
{"timestamp": "2025-08-25T11:55:36.569375Z", "level": "INFO", "logger": "ddl_binder.index-warm", "run_id": "index-warm", "paper_id": "unknown", "message": "Progress update for semantic_encoding", "stage": "semantic_encoding", "event": "heartbeat", "parquet_files_loaded": 1, "progress_pct": 27.6}
{"timestamp": "2025-08-25T11:56:08.666252Z", "level": "INFO", "logger": "ddl_binder.index-warm", "run_id": "index-warm", "paper_id": "unknown", "message": "Progress update for semantic_encoding", "stage": "semantic_encoding", "event": "heartbeat", "parquet_files_loaded": 1, "progress_pct": 29.7}
{"timestamp": "2025-08-25T11:56:40.752382Z", "level": "INFO", "logger": "ddl_binder.index-warm", "run_id": "index-warm", "paper_id": "unknown", "message": "Progress update for semantic_encoding", "stage": "semantic_encoding", "event": "heartbeat", "parquet_files_loaded": 1, "progress_pct": 31.8}
{"timestamp": "2025-08-25T11:57:12.841214Z", "level": "INFO", "logger": "ddl_binder.index-warm", "run_id": "index-warm", "paper_id": "unknown", "message": "Progress update for semantic_encoding", "stage": "semantic_encoding", "event": "heartbeat", "parquet_files_loaded": 1, "progress_pct": 33.9}
{"timestamp": "2025-08-25T11:57:44.885477Z", "level": "INFO", "logger": "ddl_binder.index-warm", "run_id": "index-warm", "paper_id": "unknown", "message": "Progress update for semantic_encoding", "stage": "semantic_encoding", "event": "heartbeat", "parquet_files_loaded": 1, "progress_pct": 36.0}
{"timestamp": "2025-08-25T11:58:16.934298Z", "level": "INFO", "logger": "ddl_binder.index-warm", "run_id": "index-warm", "paper_id": "unknown", "message": "Progress update for semantic_encoding", "stage": "semantic_encoding", "event": "heartbeat", "parquet_files_loaded": 1, "progress_pct": 38.1}
{"timestamp": "2025-08-25T11:58:49.015210Z", "level": "INFO", "logger": "ddl_binder.index-warm", "run_id": "index-warm", "paper_id": "unknown", "message": "Progress update for semantic_encoding", "stage": "semantic_encoding", "event": "heartbeat", "parquet_files_loaded": 1, "progress_pct": 40.2}
{"timestamp": "2025-08-25T11:59:21.084644Z", "level": "INFO", "logger": "ddl_binder.index-warm", "run_id": "index-warm", "paper_id": "unknown", "message": "Progress update for semantic_encoding", "stage": "semantic_encoding", "event": "heartbeat", "parquet_files_loaded": 1, "progress_pct": 42.3}
{"timestamp": "2025-08-25T11:59:53.140595Z", "level": "INFO", "logger": "ddl_binder.index-warm", "run_id": "index-warm", "paper_id": "unknown", "message": "Progress update for semantic_encoding", "stage": "semantic_encoding", "event": "heartbeat", "parquet_files_loaded": 1, "progress_pct": 44.4}
{"timestamp": "2025-08-25T12:00:25.755012Z", "level": "INFO", "logger": "ddl_binder.index-warm", "run_id": "index-warm", "paper_id": "unknown", "message": "Progress update for semantic_encoding", "stage": "semantic_encoding", "event": "heartbeat", "parquet_files_loaded": 1, "progress_pct": 46.6}
{"timestamp": "2025-08-25T12:00:57.126801Z", "level": "INFO", "logger": "ddl_binder.index-warm", "run_id": "index-warm", "paper_id": "unknown", "message": "Progress update for semantic_encoding", "stage": "semantic_encoding", "event": "heartbeat", "parquet_files_loaded": 1, "progress_pct": 48.5}
{"timestamp": "2025-08-25T12:01:28.492311Z", "level": "INFO", "logger": "ddl_binder.index-warm", "run_id": "index-warm", "paper_id": "unknown", "message": "Progress update for semantic_encoding", "stage": "semantic_encoding", "event": "heartbeat", "parquet_files_loaded": 1, "progress_pct": 50.4}
{"timestamp": "2025-08-25T12:01:59.722388Z", "level": "INFO", "logger": "ddl_binder.index-warm", "run_id": "index-warm", "paper_id": "unknown", "message": "Progress update for semantic_encoding", "stage": "semantic_encoding", "event": "heartbeat", "parquet_files_loaded": 1, "progress_pct": 52.3}
{"timestamp": "2025-08-25T12:02:30.880344Z", "level": "INFO", "logger": "ddl_binder.index-warm", "run_id": "index-warm", "paper_id": "unknown", "message": "Progress update for semantic_encoding", "stage": "semantic_encoding", "event": "heartbeat", "parquet_files_loaded": 1, "progress_pct": 54.2}
{"timestamp": "2025-08-25T12:03:02.057776Z", "level": "INFO", "logger": "ddl_binder.index-warm", "run_id": "index-warm", "paper_id": "unknown", "message": "Progress update for semantic_encoding", "stage": "semantic_encoding", "event": "heartbeat", "parquet_files_loaded": 1, "progress_pct": 56.1}
{"timestamp": "2025-08-25T12:03:33.539380Z", "level": "INFO", "logger": "ddl_binder.index-warm", "run_id": "index-warm", "paper_id": "unknown", "message": "Progress update for semantic_encoding", "stage": "semantic_encoding", "event": "heartbeat", "parquet_files_loaded": 1, "progress_pct": 58.0}
{"timestamp": "2025-08-25T12:04:04.772059Z", "level": "INFO", "logger": "ddl_binder.index-warm", "run_id": "index-warm", "paper_id": "unknown", "message": "Progress update for semantic_encoding", "stage": "semantic_encoding", "event": "heartbeat", "parquet_files_loaded": 1, "progress_pct": 60.0}
{"timestamp": "2025-08-25T12:04:35.974127Z", "level": "INFO", "logger": "ddl_binder.index-warm", "run_id": "index-warm", "paper_id": "unknown", "message": "Progress update for semantic_encoding", "stage": "semantic_encoding", "event": "heartbeat", "parquet_files_loaded": 1, "progress_pct": 61.9}
{"timestamp": "2025-08-25T12:05:06.963031Z", "level": "INFO", "logger": "ddl_binder.index-warm", "run_id": "index-warm", "paper_id": "unknown", "message": "Progress update for semantic_encoding", "stage": "semantic_encoding", "event": "heartbeat", "parquet_files_loaded": 1, "progress_pct": 63.8}
{"timestamp": "2025-08-25T12:05:38.134101Z", "level": "INFO", "logger": "ddl_binder.index-warm", "run_id": "index-warm", "paper_id": "unknown", "message": "Progress update for semantic_encoding", "stage": "semantic_encoding", "event": "heartbeat", "parquet_files_loaded": 1, "progress_pct": 65.7}
{"timestamp": "2025-08-25T12:06:09.357940Z", "level": "INFO", "logger": "ddl_binder.index-warm", "run_id": "index-warm", "paper_id": "unknown", "message": "Progress update for semantic_encoding", "stage": "semantic_encoding", "event": "heartbeat", "parquet_files_loaded": 1, "progress_pct": 67.6}
{"timestamp": "2025-08-25T12:06:40.140680Z", "level": "INFO", "logger": "ddl_binder.index-warm", "run_id": "index-warm", "paper_id": "unknown", "message": "Progress update for semantic_encoding", "stage": "semantic_encoding", "event": "heartbeat", "parquet_files_loaded": 1, "progress_pct": 69.5}
{"timestamp": "2025-08-25T12:07:11.330823Z", "level": "INFO", "logger": "ddl_binder.index-warm", "run_id": "index-warm", "paper_id": "unknown", "message": "Progress update for semantic_encoding", "stage": "semantic_encoding", "event": "heartbeat", "parquet_files_loaded": 1, "progress_pct": 71.5}
{"timestamp": "2025-08-25T12:07:42.026418Z", "level": "INFO", "logger": "ddl_binder.index-warm", "run_id": "index-warm", "paper_id": "unknown", "message": "Progress update for semantic_encoding", "stage": "semantic_encoding", "event": "heartbeat", "parquet_files_loaded": 1, "progress_pct": 73.4}
{"timestamp": "2025-08-25T12:08:12.894732Z", "level": "INFO", "logger": "ddl_binder.index-warm", "run_id": "index-warm", "paper_id": "unknown", "message": "Progress update for semantic_encoding", "stage": "semantic_encoding", "event": "heartbeat", "parquet_files_loaded": 1, "progress_pct": 75.3}
{"timestamp": "2025-08-25T12:08:43.584966Z", "level": "INFO", "logger": "ddl_binder.index-warm", "run_id": "index-warm", "paper_id": "unknown", "message": "Progress update for semantic_encoding", "stage": "semantic_encoding", "event": "heartbeat", "parquet_files_loaded": 1, "progress_pct": 77.2}
{"timestamp": "2025-08-25T12:09:14.329990Z", "level": "INFO", "logger": "ddl_binder.index-warm", "run_id": "index-warm", "paper_id": "unknown", "message": "Progress update for semantic_encoding", "stage": "semantic_encoding", "event": "heartbeat", "parquet_files_loaded": 1, "progress_pct": 79.1}
{"timestamp": "2025-08-25T12:09:45.494278Z", "level": "INFO", "logger": "ddl_binder.index-warm", "run_id": "index-warm", "paper_id": "unknown", "message": "Progress update for semantic_encoding", "stage": "semantic_encoding", "event": "heartbeat", "parquet_files_loaded": 1, "progress_pct": 81.0}
{"timestamp": "2025-08-25T12:10:16.231233Z", "level": "INFO", "logger": "ddl_binder.index-warm", "run_id": "index-warm", "paper_id": "unknown", "message": "Progress update for semantic_encoding", "stage": "semantic_encoding", "event": "heartbeat", "parquet_files_loaded": 1, "progress_pct": 83.0}
{"timestamp": "2025-08-25T12:10:46.900521Z", "level": "INFO", "logger": "ddl_binder.index-warm", "run_id": "index-warm", "paper_id": "unknown", "message": "Progress update for semantic_encoding", "stage": "semantic_encoding", "event": "heartbeat", "parquet_files_loaded": 1, "progress_pct": 84.9}
{"timestamp": "2025-08-25T12:11:17.629640Z", "level": "INFO", "logger": "ddl_binder.index-warm", "run_id": "index-warm", "paper_id": "unknown", "message": "Progress update for semantic_encoding", "stage": "semantic_encoding", "event": "heartbeat", "parquet_files_loaded": 1, "progress_pct": 86.8}
{"timestamp": "2025-08-25T12:11:48.251511Z", "level": "INFO", "logger": "ddl_binder.index-warm", "run_id": "index-warm", "paper_id": "unknown", "message": "Progress update for semantic_encoding", "stage": "semantic_encoding", "event": "heartbeat", "parquet_files_loaded": 1, "progress_pct": 88.7}
{"timestamp": "2025-08-25T12:12:19.163436Z", "level": "INFO", "logger": "ddl_binder.index-warm", "run_id": "index-warm", "paper_id": "unknown", "message": "Progress update for semantic_encoding", "stage": "semantic_encoding", "event": "heartbeat", "parquet_files_loaded": 1, "progress_pct": 90.6}
{"timestamp": "2025-08-25T12:12:51.450027Z", "level": "INFO", "logger": "ddl_binder.index-warm", "run_id": "index-warm", "paper_id": "unknown", "message": "Progress update for semantic_encoding", "stage": "semantic_encoding", "event": "heartbeat", "parquet_files_loaded": 1, "progress_pct": 92.7}
{"timestamp": "2025-08-25T12:13:23.033378Z", "level": "INFO", "logger": "ddl_binder.index-warm", "run_id": "index-warm", "paper_id": "unknown", "message": "Progress update for semantic_encoding", "stage": "semantic_encoding", "event": "heartbeat", "parquet_files_loaded": 1, "progress_pct": 94.8}
{"timestamp": "2025-08-25T12:13:54.652585Z", "level": "INFO", "logger": "ddl_binder.index-warm", "run_id": "index-warm", "paper_id": "unknown", "message": "Progress update for semantic_encoding", "stage": "semantic_encoding", "event": "heartbeat", "parquet_files_loaded": 1, "progress_pct": 96.9}
{"timestamp": "2025-08-25T12:14:26.132353Z", "level": "INFO", "logger": "ddl_binder.index-warm", "run_id": "index-warm", "paper_id": "unknown", "message": "Progress update for semantic_encoding", "stage": "semantic_encoding", "event": "heartbeat", "parquet_files_loaded": 1, "progress_pct": 99.0}
{"timestamp": "2025-08-25T12:14:41.208682Z", "level": "INFO", "logger": "ddl_binder.index-warm", "run_id": "index-warm", "paper_id": "unknown", "message": "Semantic index build completed", "stage": "semantic_indexing", "event": "index_build_completed"}
{"timestamp": "2025-08-25T12:14:41.243564Z", "level": "INFO", "logger": "ddl_binder.index-warm", "run_id": "index-warm", "paper_id": "unknown", "message": "Semantic index saved to cache", "stage": "semantic_indexing", "event": "cache_saved"}
